<?xml version="1.0" encoding="UTF-8"?>
<!-- Generated by org.testng.reporters.JUnitReportReporter -->
<testsuite hostname="SURBHIs-MacBook-Air.local" failures="0" tests="3" name="ReqPackage.Tests.SubmitOrderTest" time="31.472" errors="0" timestamp="2025-08-08T11:14:22 IST" skipped="0">
  <testcase classname="ReqPackage.Tests.SubmitOrderTest" name="SubmitOrder" time="11.728"/>
  <testcase classname="ReqPackage.Tests.SubmitOrderTest" name="OrderHistoryTest" time="5.865"/>
  <testcase classname="ReqPackage.Tests.SubmitOrderTest" name="SubmitOrder" time="13.879"/>
</testsuite> <!-- ReqPackage.Tests.SubmitOrderTest -->
